Using pre-set license

 COMMAND LINE ARGUMENTS:
/Applications/2020.3.10f1/Unity.app/Contents/MacOS/Unity
-adb2
-batchMode
-noUpm
-name
AssetImportWorker1
-projectPath
/Users/yuzu00117/FPSgame
-logFile
Logs/AssetImportWorker1.log
-srvPort
64409
Successfully changed project path to: /Users/yuzu00117/FPSgame
/Users/yuzu00117/FPSgame
Using Asset Import Pipeline V2.
Refreshing native plugins compatible for Editor in 156.55 ms, found 2 plugins.
Preloading 0 native plugins for Editor in 0.00 ms.
Initialize engine version: 2020.3.10f1 (297d780c91bc)
[Subsystems] Discovering subsystems at path /Applications/2020.3.10f1/Unity.app/Contents/Resources/UnitySubsystems
[Subsystems] Discovering subsystems at path /Users/yuzu00117/FPSgame/Assets
GfxDevice: creating device client; threaded=0
2022-01-12 12:06:47.501 Unity[13720:850278] Color LCD preferred device: Intel(R) UHD Graphics 617 (low power)
2022-01-12 12:06:47.501 Unity[13720:850278] Metal devices available: 1
2022-01-12 12:06:47.501 Unity[13720:850278] 0: Intel(R) UHD Graphics 617 (low power)
2022-01-12 12:06:47.505 Unity[13720:850278] Using device Intel(R) UHD Graphics 617 (low power)
Initializing Metal device caps: Intel(R) UHD Graphics 617
Initialize mono
Mono path[0] = '/Applications/2020.3.10f1/Unity.app/Contents/Managed'
Mono path[1] = '/Applications/2020.3.10f1/Unity.app/Contents/MonoBleedingEdge/lib/mono/unityjit'
Mono config path = '/Applications/2020.3.10f1/Unity.app/Contents/MonoBleedingEdge/etc'
Using monoOptions --debugger-agent=transport=dt_socket,embedding=1,server=y,suspend=n,address=127.0.0.1:56720
Begin MonoManager ReloadAssembly
Registering precompiled unity dll's ...
Register platform support module: /Applications/2020.3.10f1/Unity.app/Contents/PlaybackEngines/MacStandaloneSupport/UnityEditor.OSXStandalone.Extensions.dll
Registered in 0.018967 seconds.
Native extension for OSXStandalone target not found
Refreshing native plugins compatible for Editor in 86.14 ms, found 2 plugins.
Preloading 0 native plugins for Editor in 0.00 ms.
Mono: successfully reloaded assembly
- Completed reload, in  9.864 seconds
Platform modules already initialized, skipping
Registering precompiled user dll's ...
Registered in 0.039083 seconds.
Begin MonoManager ReloadAssembly
Native extension for OSXStandalone target not found
Refreshing native plugins compatible for Editor in 1.24 ms, found 2 plugins.
Preloading 0 native plugins for Editor in 0.00 ms.
Mono: successfully reloaded assembly
- Completed reload, in  2.913 seconds
Platform modules already initialized, skipping
AssetImportWorkerClient::OnTransportError - code=61 error=Connection refused
